2025-07-05 16:14:57,059 lagiperuna C:\Program Files\Java\jdk-24\bin\java.exe[20980] INFO  [org.dro.com.kie.bui.imp.KieContainerImpl] (main) Start creation of KieBase: defaultKieBase
2025-07-05 16:14:57,196 lagiperuna C:\Program Files\Java\jdk-24\bin\java.exe[20980] INFO  [org.dro.com.kie.bui.imp.KieContainerImpl] (main) End creation of KieBase: defaultKieBase
2025-07-05 16:14:57,592 lagiperuna C:\Program Files\Java\jdk-24\bin\java.exe[20980] INFO  [org.dro.com.kie.bui.imp.KieContainerImpl] (main) Start creation of KieBase: defaultKieBase
2025-07-05 16:14:57,601 lagiperuna C:\Program Files\Java\jdk-24\bin\java.exe[20980] INFO  [org.dro.com.kie.bui.imp.KieContainerImpl] (main) End creation of KieBase: defaultKieBase
2025-07-05 16:14:57,731 lagiperuna C:\Program Files\Java\jdk-24\bin\java.exe[20980] WARN  [org.dro.com.kie.bui.imp.KieBuilderImpl] (main) File 'file0.drl' is in folder '' but declares package 'org.drools.person'. It is advised to have a correspondance between package and folder names.
2025-07-05 16:14:57,784 lagiperuna C:\Program Files\Java\jdk-24\bin\java.exe[20980] WARN  [org.dro.com.kie.bui.imp.KieBuilderImpl] (main) File 'file0.drl' is in folder '' but declares package 'org.drools.person'. It is advised to have a correspondance between package and folder names.
2025-07-05 16:14:57,835 lagiperuna C:\Program Files\Java\jdk-24\bin\java.exe[20980] INFO  [org.dro.com.kie.bui.imp.KieContainerImpl] (main) Start creation of KieBase: defaultKieBase
2025-07-05 16:14:57,841 lagiperuna C:\Program Files\Java\jdk-24\bin\java.exe[20980] INFO  [org.dro.com.kie.bui.imp.KieContainerImpl] (main) End creation of KieBase: defaultKieBase
2025-07-05 16:14:57,848 lagiperuna C:\Program Files\Java\jdk-24\bin\java.exe[20980] WARN  [org.dro.com.kie.bui.imp.KieBuilderImpl] (main) File 'file0.drl' is in folder '' but declares package 'org.drools.person'. It is advised to have a correspondance between package and folder names.
2025-07-05 16:14:57,911 lagiperuna C:\Program Files\Java\jdk-24\bin\java.exe[20980] WARN  [org.dro.com.kie.bui.imp.KieBuilderImpl] (main) File 'file0.drl' is in folder '' but declares package 'org.drools.person'. It is advised to have a correspondance between package and folder names.
2025-07-05 16:14:57,965 lagiperuna C:\Program Files\Java\jdk-24\bin\java.exe[20980] INFO  [org.dro.com.kie.bui.imp.KieContainerImpl] (main) Start creation of KieBase: defaultKieBase
2025-07-05 16:14:57,971 lagiperuna C:\Program Files\Java\jdk-24\bin\java.exe[20980] INFO  [org.dro.com.kie.bui.imp.KieContainerImpl] (main) End creation of KieBase: defaultKieBase
2025-07-05 16:14:57,978 lagiperuna C:\Program Files\Java\jdk-24\bin\java.exe[20980] WARN  [org.dro.com.kie.bui.imp.KieBuilderImpl] (main) File 'file0.drl' is in folder '' but declares package 'org.drools.person'. It is advised to have a correspondance between package and folder names.
2025-07-05 16:14:58,027 lagiperuna C:\Program Files\Java\jdk-24\bin\java.exe[20980] WARN  [org.dro.com.kie.bui.imp.KieBuilderImpl] (main) File 'file0.drl' is in folder '' but declares package 'org.drools.person'. It is advised to have a correspondance between package and folder names.
2025-07-05 16:14:58,071 lagiperuna C:\Program Files\Java\jdk-24\bin\java.exe[20980] INFO  [org.dro.com.kie.bui.imp.KieContainerImpl] (main) Start creation of KieBase: defaultKieBase
2025-07-05 16:14:58,079 lagiperuna C:\Program Files\Java\jdk-24\bin\java.exe[20980] INFO  [org.dro.com.kie.bui.imp.KieContainerImpl] (main) End creation of KieBase: defaultKieBase
2025-07-05 16:14:58,087 lagiperuna C:\Program Files\Java\jdk-24\bin\java.exe[20980] WARN  [org.dro.com.kie.bui.imp.KieBuilderImpl] (main) File 'file0.drl' is in folder '' but declares package 'org.drools.person'. It is advised to have a correspondance between package and folder names.
2025-07-05 16:14:58,144 lagiperuna C:\Program Files\Java\jdk-24\bin\java.exe[20980] WARN  [org.dro.com.kie.bui.imp.KieBuilderImpl] (main) File 'file0.drl' is in folder '' but declares package 'org.drools.person'. It is advised to have a correspondance between package and folder names.
2025-07-05 16:14:58,207 lagiperuna C:\Program Files\Java\jdk-24\bin\java.exe[20980] INFO  [org.dro.com.kie.bui.imp.KieContainerImpl] (main) Start creation of KieBase: defaultKieBase
2025-07-05 16:14:58,218 lagiperuna C:\Program Files\Java\jdk-24\bin\java.exe[20980] INFO  [org.dro.com.kie.bui.imp.KieContainerImpl] (main) End creation of KieBase: defaultKieBase
2025-07-05 16:14:58,226 lagiperuna C:\Program Files\Java\jdk-24\bin\java.exe[20980] WARN  [org.dro.com.kie.bui.imp.KieBuilderImpl] (main) File 'file0.drl' is in folder '' but declares package 'org.drools.person'. It is advised to have a correspondance between package and folder names.
2025-07-05 16:14:58,321 lagiperuna C:\Program Files\Java\jdk-24\bin\java.exe[20980] WARN  [org.dro.com.kie.bui.imp.KieBuilderImpl] (main) File 'file0.drl' is in folder '' but declares package 'org.drools.person'. It is advised to have a correspondance between package and folder names.
2025-07-05 16:14:58,404 lagiperuna C:\Program Files\Java\jdk-24\bin\java.exe[20980] INFO  [org.dro.com.kie.bui.imp.KieContainerImpl] (main) Start creation of KieBase: defaultKieBase
2025-07-05 16:14:58,413 lagiperuna C:\Program Files\Java\jdk-24\bin\java.exe[20980] INFO  [org.dro.com.kie.bui.imp.KieContainerImpl] (main) End creation of KieBase: defaultKieBase
2025-07-05 16:14:58,419 lagiperuna C:\Program Files\Java\jdk-24\bin\java.exe[20980] WARN  [org.dro.com.kie.bui.imp.KieBuilderImpl] (main) File 'file0.drl' is in folder '' but declares package 'org.drools.person'. It is advised to have a correspondance between package and folder names.
2025-07-05 16:14:58,490 lagiperuna C:\Program Files\Java\jdk-24\bin\java.exe[20980] WARN  [org.dro.com.kie.bui.imp.KieBuilderImpl] (main) File 'file0.drl' is in folder '' but declares package 'org.drools.person'. It is advised to have a correspondance between package and folder names.
2025-07-05 16:14:58,556 lagiperuna C:\Program Files\Java\jdk-24\bin\java.exe[20980] INFO  [org.dro.com.kie.bui.imp.KieContainerImpl] (main) Start creation of KieBase: defaultKieBase
2025-07-05 16:14:58,562 lagiperuna C:\Program Files\Java\jdk-24\bin\java.exe[20980] INFO  [org.dro.com.kie.bui.imp.KieContainerImpl] (main) End creation of KieBase: defaultKieBase
2025-07-05 16:14:58,761 lagiperuna C:\Program Files\Java\jdk-24\bin\java.exe[20980] INFO  [org.dro.com.kie.bui.imp.KieContainerImpl] (main) Start creation of KieBase: defaultKieBase
2025-07-05 16:14:58,769 lagiperuna C:\Program Files\Java\jdk-24\bin\java.exe[20980] INFO  [org.dro.com.kie.bui.imp.KieContainerImpl] (main) End creation of KieBase: defaultKieBase
2025-07-05 16:14:58,788 lagiperuna C:\Program Files\Java\jdk-24\bin\java.exe[20980] WARN  [org.dro.com.kie.bui.imp.KieBuilderImpl] (main) File 'file0.drl' is in folder '' but declares package 'org.drools.test'. It is advised to have a correspondance between package and folder names.
2025-07-05 16:14:58,832 lagiperuna C:\Program Files\Java\jdk-24\bin\java.exe[20980] WARN  [org.dro.com.kie.bui.imp.KieBuilderImpl] (main) File 'file0.drl' is in folder '' but declares package 'org.drools.test'. It is advised to have a correspondance between package and folder names.
2025-07-05 16:14:58,883 lagiperuna C:\Program Files\Java\jdk-24\bin\java.exe[20980] INFO  [org.dro.com.kie.bui.imp.KieContainerImpl] (main) Start creation of KieBase: defaultKieBase
2025-07-05 16:14:58,890 lagiperuna C:\Program Files\Java\jdk-24\bin\java.exe[20980] INFO  [org.dro.com.kie.bui.imp.KieContainerImpl] (main) End creation of KieBase: defaultKieBase
2025-07-05 16:14:58,901 lagiperuna C:\Program Files\Java\jdk-24\bin\java.exe[20980] WARN  [org.dro.com.kie.bui.imp.KieBuilderImpl] (main) File 'file0.drl' is in folder '' but declares package 'org.drools.test'. It is advised to have a correspondance between package and folder names.
2025-07-05 16:14:58,946 lagiperuna C:\Program Files\Java\jdk-24\bin\java.exe[20980] WARN  [org.dro.com.kie.bui.imp.KieBuilderImpl] (main) File 'file0.drl' is in folder '' but declares package 'org.drools.test'. It is advised to have a correspondance between package and folder names.
2025-07-05 16:14:58,990 lagiperuna C:\Program Files\Java\jdk-24\bin\java.exe[20980] INFO  [org.dro.com.kie.bui.imp.KieContainerImpl] (main) Start creation of KieBase: defaultKieBase
2025-07-05 16:14:58,995 lagiperuna C:\Program Files\Java\jdk-24\bin\java.exe[20980] INFO  [org.dro.com.kie.bui.imp.KieContainerImpl] (main) End creation of KieBase: defaultKieBase
2025-07-05 16:14:59,177 lagiperuna C:\Program Files\Java\jdk-24\bin\java.exe[20980] INFO  [org.dro.com.kie.bui.imp.KieContainerImpl] (main) Start creation of KieBase: defaultKieBase
2025-07-05 16:14:59,183 lagiperuna C:\Program Files\Java\jdk-24\bin\java.exe[20980] INFO  [org.dro.com.kie.bui.imp.KieContainerImpl] (main) End creation of KieBase: defaultKieBase
2025-07-05 16:14:59,218 lagiperuna C:\Program Files\Java\jdk-24\bin\java.exe[20980] WARN  [org.dro.com.kie.bui.imp.KieBuilderImpl] (main) File 'file0.drl' is in folder '' but declares package 'org.example'. It is advised to have a correspondance between package and folder names.
2025-07-05 16:14:59,295 lagiperuna C:\Program Files\Java\jdk-24\bin\java.exe[20980] WARN  [org.dro.com.kie.bui.imp.KieBuilderImpl] (main) File 'file0.drl' is in folder '' but declares package 'org.example'. It is advised to have a correspondance between package and folder names.
2025-07-05 16:14:59,340 lagiperuna C:\Program Files\Java\jdk-24\bin\java.exe[20980] INFO  [org.dro.com.kie.bui.imp.KieContainerImpl] (main) Start creation of KieBase: defaultKieBase
2025-07-05 16:14:59,347 lagiperuna C:\Program Files\Java\jdk-24\bin\java.exe[20980] INFO  [org.dro.com.kie.bui.imp.KieContainerImpl] (main) End creation of KieBase: defaultKieBase
2025-07-05 16:14:59,367 lagiperuna C:\Program Files\Java\jdk-24\bin\java.exe[20980] WARN  [org.dro.com.kie.bui.imp.KieBuilderImpl] (main) File 'file0.drl' is in folder '' but declares package 'org.example'. It is advised to have a correspondance between package and folder names.
2025-07-05 16:14:59,430 lagiperuna C:\Program Files\Java\jdk-24\bin\java.exe[20980] WARN  [org.dro.com.kie.bui.imp.KieBuilderImpl] (main) File 'file0.drl' is in folder '' but declares package 'org.example'. It is advised to have a correspondance between package and folder names.
2025-07-05 16:14:59,497 lagiperuna C:\Program Files\Java\jdk-24\bin\java.exe[20980] INFO  [org.dro.com.kie.bui.imp.KieContainerImpl] (main) Start creation of KieBase: defaultKieBase
2025-07-05 16:14:59,506 lagiperuna C:\Program Files\Java\jdk-24\bin\java.exe[20980] INFO  [org.dro.com.kie.bui.imp.KieContainerImpl] (main) End creation of KieBase: defaultKieBase
2025-07-05 16:14:59,515 lagiperuna C:\Program Files\Java\jdk-24\bin\java.exe[20980] WARN  [org.dro.com.kie.bui.imp.KieBuilderImpl] (main) File 'file0.drl' is in folder '' but declares package 'org.example'. It is advised to have a correspondance between package and folder names.
2025-07-05 16:14:59,567 lagiperuna C:\Program Files\Java\jdk-24\bin\java.exe[20980] WARN  [org.dro.com.kie.bui.imp.KieBuilderImpl] (main) File 'file0.drl' is in folder '' but declares package 'org.example'. It is advised to have a correspondance between package and folder names.
2025-07-05 16:14:59,619 lagiperuna C:\Program Files\Java\jdk-24\bin\java.exe[20980] INFO  [org.dro.com.kie.bui.imp.KieContainerImpl] (main) Start creation of KieBase: defaultKieBase
2025-07-05 16:14:59,626 lagiperuna C:\Program Files\Java\jdk-24\bin\java.exe[20980] INFO  [org.dro.com.kie.bui.imp.KieContainerImpl] (main) End creation of KieBase: defaultKieBase
2025-07-05 16:14:59,638 lagiperuna C:\Program Files\Java\jdk-24\bin\java.exe[20980] WARN  [org.dro.com.kie.bui.imp.KieBuilderImpl] (main) File 'file0.drl' is in folder '' but declares package 'org.example'. It is advised to have a correspondance between package and folder names.
2025-07-05 16:14:59,718 lagiperuna C:\Program Files\Java\jdk-24\bin\java.exe[20980] WARN  [org.dro.com.kie.bui.imp.KieBuilderImpl] (main) File 'file0.drl' is in folder '' but declares package 'org.example'. It is advised to have a correspondance between package and folder names.
2025-07-05 16:14:59,782 lagiperuna C:\Program Files\Java\jdk-24\bin\java.exe[20980] INFO  [org.dro.com.kie.bui.imp.KieContainerImpl] (main) Start creation of KieBase: defaultKieBase
2025-07-05 16:14:59,790 lagiperuna C:\Program Files\Java\jdk-24\bin\java.exe[20980] INFO  [org.dro.com.kie.bui.imp.KieContainerImpl] (main) End creation of KieBase: defaultKieBase
2025-07-05 16:14:59,816 lagiperuna C:\Program Files\Java\jdk-24\bin\java.exe[20980] WARN  [org.dro.com.kie.bui.imp.KieBuilderImpl] (main) File 'file0.drl' is in folder '' but declares package 'org.example'. It is advised to have a correspondance between package and folder names.
2025-07-05 16:14:59,875 lagiperuna C:\Program Files\Java\jdk-24\bin\java.exe[20980] WARN  [org.dro.com.kie.bui.imp.KieBuilderImpl] (main) File 'file0.drl' is in folder '' but declares package 'org.example'. It is advised to have a correspondance between package and folder names.
2025-07-05 16:14:59,921 lagiperuna C:\Program Files\Java\jdk-24\bin\java.exe[20980] INFO  [org.dro.com.kie.bui.imp.KieContainerImpl] (main) Start creation of KieBase: defaultKieBase
2025-07-05 16:14:59,927 lagiperuna C:\Program Files\Java\jdk-24\bin\java.exe[20980] INFO  [org.dro.com.kie.bui.imp.KieContainerImpl] (main) End creation of KieBase: defaultKieBase
2025-07-05 16:14:59,937 lagiperuna C:\Program Files\Java\jdk-24\bin\java.exe[20980] WARN  [org.dro.com.kie.bui.imp.KieBuilderImpl] (main) File 'file0.drl' is in folder '' but declares package 'org.example'. It is advised to have a correspondance between package and folder names.
2025-07-05 16:14:59,971 lagiperuna C:\Program Files\Java\jdk-24\bin\java.exe[20980] WARN  [org.dro.com.kie.bui.imp.KieBuilderImpl] (main) File 'file0.drl' is in folder '' but declares package 'org.example'. It is advised to have a correspondance between package and folder names.
2025-07-05 16:15:00,016 lagiperuna C:\Program Files\Java\jdk-24\bin\java.exe[20980] INFO  [org.dro.com.kie.bui.imp.KieContainerImpl] (main) Start creation of KieBase: defaultKieBase
2025-07-05 16:15:00,024 lagiperuna C:\Program Files\Java\jdk-24\bin\java.exe[20980] INFO  [org.dro.com.kie.bui.imp.KieContainerImpl] (main) End creation of KieBase: defaultKieBase
2025-07-05 16:15:00,062 lagiperuna C:\Program Files\Java\jdk-24\bin\java.exe[20980] WARN  [org.dro.com.kie.bui.imp.KieBuilderImpl] (main) File 'file0.drl' is in folder '' but declares package 'org.example'. It is advised to have a correspondance between package and folder names.
2025-07-05 16:15:00,090 lagiperuna C:\Program Files\Java\jdk-24\bin\java.exe[20980] WARN  [org.dro.com.kie.bui.imp.KieBuilderImpl] (main) File 'file0.drl' is in folder '' but declares package 'org.example'. It is advised to have a correspondance between package and folder names.
2025-07-05 16:15:00,104 lagiperuna C:\Program Files\Java\jdk-24\bin\java.exe[20980] INFO  [org.dro.com.kie.bui.imp.KieContainerImpl] (main) Start creation of KieBase: defaultKieBase
2025-07-05 16:15:00,108 lagiperuna C:\Program Files\Java\jdk-24\bin\java.exe[20980] INFO  [org.dro.com.kie.bui.imp.KieContainerImpl] (main) End creation of KieBase: defaultKieBase
2025-07-05 16:15:00,198 lagiperuna C:\Program Files\Java\jdk-24\bin\java.exe[20980] WARN  [org.dro.com.kie.bui.imp.KieBuilderImpl] (main) File 'file0.drl' is in folder '' but declares package 'org.example'. It is advised to have a correspondance between package and folder names.
2025-07-05 16:15:00,255 lagiperuna C:\Program Files\Java\jdk-24\bin\java.exe[20980] WARN  [org.dro.com.kie.bui.imp.KieBuilderImpl] (main) File 'file0.drl' is in folder '' but declares package 'org.example'. It is advised to have a correspondance between package and folder names.
2025-07-05 16:15:00,294 lagiperuna C:\Program Files\Java\jdk-24\bin\java.exe[20980] INFO  [org.dro.com.kie.bui.imp.KieContainerImpl] (main) Start creation of KieBase: defaultKieBase
2025-07-05 16:15:00,301 lagiperuna C:\Program Files\Java\jdk-24\bin\java.exe[20980] INFO  [org.dro.com.kie.bui.imp.KieContainerImpl] (main) End creation of KieBase: defaultKieBase
2025-07-05 16:15:00,312 lagiperuna C:\Program Files\Java\jdk-24\bin\java.exe[20980] WARN  [org.dro.com.kie.bui.imp.KieBuilderImpl] (main) File 'file0.drl' is in folder '' but declares package 'org.example'. It is advised to have a correspondance between package and folder names.
2025-07-05 16:15:00,379 lagiperuna C:\Program Files\Java\jdk-24\bin\java.exe[20980] WARN  [org.dro.com.kie.bui.imp.KieBuilderImpl] (main) File 'file0.drl' is in folder '' but declares package 'org.example'. It is advised to have a correspondance between package and folder names.
2025-07-05 16:15:00,431 lagiperuna C:\Program Files\Java\jdk-24\bin\java.exe[20980] INFO  [org.dro.com.kie.bui.imp.KieContainerImpl] (main) Start creation of KieBase: defaultKieBase
2025-07-05 16:15:00,438 lagiperuna C:\Program Files\Java\jdk-24\bin\java.exe[20980] INFO  [org.dro.com.kie.bui.imp.KieContainerImpl] (main) End creation of KieBase: defaultKieBase
2025-07-05 16:15:00,455 lagiperuna C:\Program Files\Java\jdk-24\bin\java.exe[20980] WARN  [org.dro.com.kie.bui.imp.KieBuilderImpl] (main) File 'file0.drl' is in folder '' but declares package 'org.example'. It is advised to have a correspondance between package and folder names.
2025-07-05 16:15:00,501 lagiperuna C:\Program Files\Java\jdk-24\bin\java.exe[20980] WARN  [org.dro.com.kie.bui.imp.KieBuilderImpl] (main) File 'file0.drl' is in folder '' but declares package 'org.example'. It is advised to have a correspondance between package and folder names.
2025-07-05 16:15:00,543 lagiperuna C:\Program Files\Java\jdk-24\bin\java.exe[20980] INFO  [org.dro.com.kie.bui.imp.KieContainerImpl] (main) Start creation of KieBase: defaultKieBase
2025-07-05 16:15:00,551 lagiperuna C:\Program Files\Java\jdk-24\bin\java.exe[20980] INFO  [org.dro.com.kie.bui.imp.KieContainerImpl] (main) End creation of KieBase: defaultKieBase
2025-07-05 16:15:00,559 lagiperuna C:\Program Files\Java\jdk-24\bin\java.exe[20980] WARN  [org.dro.com.kie.bui.imp.KieBuilderImpl] (main) File 'file0.drl' is in folder '' but declares package 'org.example'. It is advised to have a correspondance between package and folder names.
2025-07-05 16:15:00,600 lagiperuna C:\Program Files\Java\jdk-24\bin\java.exe[20980] WARN  [org.dro.com.kie.bui.imp.KieBuilderImpl] (main) File 'file0.drl' is in folder '' but declares package 'org.example'. It is advised to have a correspondance between package and folder names.
2025-07-05 16:15:00,636 lagiperuna C:\Program Files\Java\jdk-24\bin\java.exe[20980] INFO  [org.dro.com.kie.bui.imp.KieContainerImpl] (main) Start creation of KieBase: defaultKieBase
2025-07-05 16:15:00,640 lagiperuna C:\Program Files\Java\jdk-24\bin\java.exe[20980] INFO  [org.dro.com.kie.bui.imp.KieContainerImpl] (main) End creation of KieBase: defaultKieBase
