2025-07-29 12:37:12,274 lagiperuna /usr/lib/jvm/jdk-24.0.1-oracle-x64/bin/java[7994] WARN  [org.dro.com.kie.bui.imp.KieBuilderImpl] (main) File 'file0.drl' is in folder '' but declares package 'org.example'. It is advised to have a correspondance between package and folder names.
2025-07-29 12:37:13,887 lagiperuna /usr/lib/jvm/jdk-24.0.1-oracle-x64/bin/java[7994] WARN  [org.dro.com.kie.bui.imp.KieBuilderImpl] (main) File 'file0.drl' is in folder '' but declares package 'org.example'. It is advised to have a correspondance between package and folder names.
2025-07-29 12:37:13,988 lagiperuna /usr/lib/jvm/jdk-24.0.1-oracle-x64/bin/java[7994] INFO  [org.dro.com.kie.bui.imp.KieContainerImpl] (main) Start creation of KieBase: defaultKieBase
2025-07-29 12:37:14,089 lagiperuna /usr/lib/jvm/jdk-24.0.1-oracle-x64/bin/java[7994] INFO  [org.dro.com.kie.bui.imp.KieContainerImpl] (main) End creation of KieBase: defaultKieBase
2025-07-29 12:37:15,889 lagiperuna /usr/lib/jvm/jdk-24.0.1-oracle-x64/bin/java[7994] WARN  [org.dro.com.kie.bui.imp.KieBuilderImpl] (main) File 'file0.drl' is in folder '' but declares package 'org.drools.generated'. It is advised to have a correspondance between package and folder names.
2025-07-29 12:37:15,989 lagiperuna /usr/lib/jvm/jdk-24.0.1-oracle-x64/bin/java[7994] WARN  [org.dro.com.kie.bui.imp.KieBuilderImpl] (main) File 'file0.drl' is in folder '' but declares package 'org.drools.generated'. It is advised to have a correspondance between package and folder names.
2025-07-29 12:37:16,048 lagiperuna /usr/lib/jvm/jdk-24.0.1-oracle-x64/bin/java[7994] INFO  [org.dro.com.kie.bui.imp.KieContainerImpl] (main) Start creation of KieBase: defaultKieBase
2025-07-29 12:37:16,058 lagiperuna /usr/lib/jvm/jdk-24.0.1-oracle-x64/bin/java[7994] INFO  [org.dro.com.kie.bui.imp.KieContainerImpl] (main) End creation of KieBase: defaultKieBase
2025-07-29 12:37:16,096 lagiperuna /usr/lib/jvm/jdk-24.0.1-oracle-x64/bin/java[7994] WARN  [org.dro.com.kie.bui.imp.KieBuilderImpl] (main) File 'file0.drl' is in folder '' but declares package 'org.example'. It is advised to have a correspondance between package and folder names.
2025-07-29 12:37:16,264 lagiperuna /usr/lib/jvm/jdk-24.0.1-oracle-x64/bin/java[7994] WARN  [org.dro.com.kie.bui.imp.KieBuilderImpl] (main) File 'file0.drl' is in folder '' but declares package 'org.example'. It is advised to have a correspondance between package and folder names.
2025-07-29 12:37:16,332 lagiperuna /usr/lib/jvm/jdk-24.0.1-oracle-x64/bin/java[7994] INFO  [org.dro.com.kie.bui.imp.KieContainerImpl] (main) Start creation of KieBase: defaultKieBase
2025-07-29 12:37:16,342 lagiperuna /usr/lib/jvm/jdk-24.0.1-oracle-x64/bin/java[7994] INFO  [org.dro.com.kie.bui.imp.KieContainerImpl] (main) End creation of KieBase: defaultKieBase
2025-07-29 12:37:20,940 lagiperuna /usr/lib/jvm/jdk-24.0.1-oracle-x64/bin/java[7994] WARN  [org.dro.com.kie.bui.imp.KieBuilderImpl] (main) File 'file0.drl' is in folder '' but declares package 'org.example'. It is advised to have a correspondance between package and folder names.
2025-07-29 12:37:21,003 lagiperuna /usr/lib/jvm/jdk-24.0.1-oracle-x64/bin/java[7994] WARN  [org.dro.com.kie.bui.imp.KieBuilderImpl] (main) File 'file0.drl' is in folder '' but declares package 'org.example'. It is advised to have a correspondance between package and folder names.
2025-07-29 12:37:21,063 lagiperuna /usr/lib/jvm/jdk-24.0.1-oracle-x64/bin/java[7994] INFO  [org.dro.com.kie.bui.imp.KieContainerImpl] (main) Start creation of KieBase: defaultKieBase
2025-07-29 12:37:21,072 lagiperuna /usr/lib/jvm/jdk-24.0.1-oracle-x64/bin/java[7994] INFO  [org.dro.com.kie.bui.imp.KieContainerImpl] (main) End creation of KieBase: defaultKieBase
2025-07-29 12:37:21,082 lagiperuna /usr/lib/jvm/jdk-24.0.1-oracle-x64/bin/java[7994] WARN  [org.dro.com.kie.bui.imp.KieBuilderImpl] (main) File 'file0.drl' is in folder '' but declares package 'org.drools.generated'. It is advised to have a correspondance between package and folder names.
2025-07-29 12:37:21,111 lagiperuna /usr/lib/jvm/jdk-24.0.1-oracle-x64/bin/java[7994] WARN  [org.dro.com.kie.bui.imp.KieBuilderImpl] (main) File 'file0.drl' is in folder '' but declares package 'org.drools.generated'. It is advised to have a correspondance between package and folder names.
2025-07-29 12:37:21,132 lagiperuna /usr/lib/jvm/jdk-24.0.1-oracle-x64/bin/java[7994] INFO  [org.dro.com.kie.bui.imp.KieContainerImpl] (main) Start creation of KieBase: defaultKieBase
2025-07-29 12:37:21,138 lagiperuna /usr/lib/jvm/jdk-24.0.1-oracle-x64/bin/java[7994] INFO  [org.dro.com.kie.bui.imp.KieContainerImpl] (main) End creation of KieBase: defaultKieBase
2025-07-29 12:37:21,558 lagiperuna /usr/lib/jvm/jdk-24.0.1-oracle-x64/bin/java[7994] INFO  [org.dro.com.kie.bui.imp.KieContainerImpl] (main) Start creation of KieBase: defaultKieBase
2025-07-29 12:37:21,577 lagiperuna /usr/lib/jvm/jdk-24.0.1-oracle-x64/bin/java[7994] INFO  [org.dro.com.kie.bui.imp.KieContainerImpl] (main) End creation of KieBase: defaultKieBase
2025-07-29 12:37:21,856 lagiperuna /usr/lib/jvm/jdk-24.0.1-oracle-x64/bin/java[7994] INFO  [org.dro.com.kie.bui.imp.KieContainerImpl] (main) Start creation of KieBase: defaultKieBase
2025-07-29 12:37:21,869 lagiperuna /usr/lib/jvm/jdk-24.0.1-oracle-x64/bin/java[7994] INFO  [org.dro.com.kie.bui.imp.KieContainerImpl] (main) End creation of KieBase: defaultKieBase
2025-07-29 12:37:24,755 lagiperuna /usr/lib/jvm/jdk-24.0.1-oracle-x64/bin/java[7994] WARN  [org.dro.com.kie.bui.imp.KieBuilderImpl] (main) File 'file0.drl' is in folder '' but declares package 'org.drools.person'. It is advised to have a correspondance between package and folder names.
2025-07-29 12:37:24,820 lagiperuna /usr/lib/jvm/jdk-24.0.1-oracle-x64/bin/java[7994] WARN  [org.dro.com.kie.bui.imp.KieBuilderImpl] (main) File 'file0.drl' is in folder '' but declares package 'org.drools.person'. It is advised to have a correspondance between package and folder names.
2025-07-29 12:37:24,885 lagiperuna /usr/lib/jvm/jdk-24.0.1-oracle-x64/bin/java[7994] INFO  [org.dro.com.kie.bui.imp.KieContainerImpl] (main) Start creation of KieBase: defaultKieBase
2025-07-29 12:37:24,893 lagiperuna /usr/lib/jvm/jdk-24.0.1-oracle-x64/bin/java[7994] INFO  [org.dro.com.kie.bui.imp.KieContainerImpl] (main) End creation of KieBase: defaultKieBase
2025-07-29 12:37:27,682 lagiperuna /usr/lib/jvm/jdk-24.0.1-oracle-x64/bin/java[7994] WARN  [org.dro.com.kie.bui.imp.KieBuilderImpl] (main) File 'file0.drl' is in folder '' but declares package 'org.drools.person'. It is advised to have a correspondance between package and folder names.
2025-07-29 12:37:27,734 lagiperuna /usr/lib/jvm/jdk-24.0.1-oracle-x64/bin/java[7994] WARN  [org.dro.com.kie.bui.imp.KieBuilderImpl] (main) File 'file0.drl' is in folder '' but declares package 'org.drools.person'. It is advised to have a correspondance between package and folder names.
2025-07-29 12:37:27,780 lagiperuna /usr/lib/jvm/jdk-24.0.1-oracle-x64/bin/java[7994] INFO  [org.dro.com.kie.bui.imp.KieContainerImpl] (main) Start creation of KieBase: defaultKieBase
2025-07-29 12:37:27,786 lagiperuna /usr/lib/jvm/jdk-24.0.1-oracle-x64/bin/java[7994] INFO  [org.dro.com.kie.bui.imp.KieContainerImpl] (main) End creation of KieBase: defaultKieBase
2025-07-29 12:37:27,795 lagiperuna /usr/lib/jvm/jdk-24.0.1-oracle-x64/bin/java[7994] WARN  [org.dro.com.kie.bui.imp.KieBuilderImpl] (main) File 'file0.drl' is in folder '' but declares package 'org.drools.person'. It is advised to have a correspondance between package and folder names.
2025-07-29 12:37:27,826 lagiperuna /usr/lib/jvm/jdk-24.0.1-oracle-x64/bin/java[7994] WARN  [org.dro.com.kie.bui.imp.KieBuilderImpl] (main) File 'file0.drl' is in folder '' but declares package 'org.drools.person'. It is advised to have a correspondance between package and folder names.
2025-07-29 12:37:27,856 lagiperuna /usr/lib/jvm/jdk-24.0.1-oracle-x64/bin/java[7994] INFO  [org.dro.com.kie.bui.imp.KieContainerImpl] (main) Start creation of KieBase: defaultKieBase
2025-07-29 12:37:27,864 lagiperuna /usr/lib/jvm/jdk-24.0.1-oracle-x64/bin/java[7994] INFO  [org.dro.com.kie.bui.imp.KieContainerImpl] (main) End creation of KieBase: defaultKieBase
2025-07-29 12:37:27,871 lagiperuna /usr/lib/jvm/jdk-24.0.1-oracle-x64/bin/java[7994] WARN  [org.dro.com.kie.bui.imp.KieBuilderImpl] (main) File 'file0.drl' is in folder '' but declares package 'org.drools.person'. It is advised to have a correspondance between package and folder names.
2025-07-29 12:37:27,934 lagiperuna /usr/lib/jvm/jdk-24.0.1-oracle-x64/bin/java[7994] WARN  [org.dro.com.kie.bui.imp.KieBuilderImpl] (main) File 'file0.drl' is in folder '' but declares package 'org.drools.person'. It is advised to have a correspondance between package and folder names.
2025-07-29 12:37:27,983 lagiperuna /usr/lib/jvm/jdk-24.0.1-oracle-x64/bin/java[7994] INFO  [org.dro.com.kie.bui.imp.KieContainerImpl] (main) Start creation of KieBase: defaultKieBase
2025-07-29 12:37:27,990 lagiperuna /usr/lib/jvm/jdk-24.0.1-oracle-x64/bin/java[7994] INFO  [org.dro.com.kie.bui.imp.KieContainerImpl] (main) End creation of KieBase: defaultKieBase
2025-07-29 12:37:27,994 lagiperuna /usr/lib/jvm/jdk-24.0.1-oracle-x64/bin/java[7994] WARN  [org.dro.com.kie.bui.imp.KieBuilderImpl] (main) File 'file0.drl' is in folder '' but declares package 'org.drools.person'. It is advised to have a correspondance between package and folder names.
2025-07-29 12:37:28,046 lagiperuna /usr/lib/jvm/jdk-24.0.1-oracle-x64/bin/java[7994] WARN  [org.dro.com.kie.bui.imp.KieBuilderImpl] (main) File 'file0.drl' is in folder '' but declares package 'org.drools.person'. It is advised to have a correspondance between package and folder names.
2025-07-29 12:37:28,089 lagiperuna /usr/lib/jvm/jdk-24.0.1-oracle-x64/bin/java[7994] INFO  [org.dro.com.kie.bui.imp.KieContainerImpl] (main) Start creation of KieBase: defaultKieBase
2025-07-29 12:37:28,094 lagiperuna /usr/lib/jvm/jdk-24.0.1-oracle-x64/bin/java[7994] INFO  [org.dro.com.kie.bui.imp.KieContainerImpl] (main) End creation of KieBase: defaultKieBase
2025-07-29 12:37:28,123 lagiperuna /usr/lib/jvm/jdk-24.0.1-oracle-x64/bin/java[7994] WARN  [org.dro.com.kie.bui.imp.KieBuilderImpl] (main) File 'file0.drl' is in folder '' but declares package 'org.drools.person'. It is advised to have a correspondance between package and folder names.
2025-07-29 12:37:28,171 lagiperuna /usr/lib/jvm/jdk-24.0.1-oracle-x64/bin/java[7994] WARN  [org.dro.com.kie.bui.imp.KieBuilderImpl] (main) File 'file0.drl' is in folder '' but declares package 'org.drools.person'. It is advised to have a correspondance between package and folder names.
2025-07-29 12:37:28,214 lagiperuna /usr/lib/jvm/jdk-24.0.1-oracle-x64/bin/java[7994] INFO  [org.dro.com.kie.bui.imp.KieContainerImpl] (main) Start creation of KieBase: defaultKieBase
2025-07-29 12:37:28,219 lagiperuna /usr/lib/jvm/jdk-24.0.1-oracle-x64/bin/java[7994] INFO  [org.dro.com.kie.bui.imp.KieContainerImpl] (main) End creation of KieBase: defaultKieBase
2025-07-29 12:37:28,398 lagiperuna /usr/lib/jvm/jdk-24.0.1-oracle-x64/bin/java[7994] INFO  [org.dro.com.kie.bui.imp.KieContainerImpl] (main) Start creation of KieBase: defaultKieBase
2025-07-29 12:37:28,406 lagiperuna /usr/lib/jvm/jdk-24.0.1-oracle-x64/bin/java[7994] INFO  [org.dro.com.kie.bui.imp.KieContainerImpl] (main) End creation of KieBase: defaultKieBase
2025-07-29 12:37:28,433 lagiperuna /usr/lib/jvm/jdk-24.0.1-oracle-x64/bin/java[7994] WARN  [org.dro.com.kie.bui.imp.KieBuilderImpl] (main) File 'file0.drl' is in folder '' but declares package 'org.drools.test'. It is advised to have a correspondance between package and folder names.
2025-07-29 12:37:28,473 lagiperuna /usr/lib/jvm/jdk-24.0.1-oracle-x64/bin/java[7994] WARN  [org.dro.com.kie.bui.imp.KieBuilderImpl] (main) File 'file0.drl' is in folder '' but declares package 'org.drools.test'. It is advised to have a correspondance between package and folder names.
2025-07-29 12:37:28,511 lagiperuna /usr/lib/jvm/jdk-24.0.1-oracle-x64/bin/java[7994] INFO  [org.dro.com.kie.bui.imp.KieContainerImpl] (main) Start creation of KieBase: defaultKieBase
2025-07-29 12:37:28,517 lagiperuna /usr/lib/jvm/jdk-24.0.1-oracle-x64/bin/java[7994] INFO  [org.dro.com.kie.bui.imp.KieContainerImpl] (main) End creation of KieBase: defaultKieBase
2025-07-29 12:37:28,526 lagiperuna /usr/lib/jvm/jdk-24.0.1-oracle-x64/bin/java[7994] WARN  [org.dro.com.kie.bui.imp.KieBuilderImpl] (main) File 'file0.drl' is in folder '' but declares package 'org.drools.test'. It is advised to have a correspondance between package and folder names.
2025-07-29 12:37:28,567 lagiperuna /usr/lib/jvm/jdk-24.0.1-oracle-x64/bin/java[7994] WARN  [org.dro.com.kie.bui.imp.KieBuilderImpl] (main) File 'file0.drl' is in folder '' but declares package 'org.drools.test'. It is advised to have a correspondance between package and folder names.
2025-07-29 12:37:28,602 lagiperuna /usr/lib/jvm/jdk-24.0.1-oracle-x64/bin/java[7994] INFO  [org.dro.com.kie.bui.imp.KieContainerImpl] (main) Start creation of KieBase: defaultKieBase
2025-07-29 12:37:28,608 lagiperuna /usr/lib/jvm/jdk-24.0.1-oracle-x64/bin/java[7994] INFO  [org.dro.com.kie.bui.imp.KieContainerImpl] (main) End creation of KieBase: defaultKieBase
2025-07-29 12:37:28,795 lagiperuna /usr/lib/jvm/jdk-24.0.1-oracle-x64/bin/java[7994] INFO  [org.dro.com.kie.bui.imp.KieContainerImpl] (main) Start creation of KieBase: defaultKieBase
2025-07-29 12:37:28,803 lagiperuna /usr/lib/jvm/jdk-24.0.1-oracle-x64/bin/java[7994] INFO  [org.dro.com.kie.bui.imp.KieContainerImpl] (main) End creation of KieBase: defaultKieBase
